<?xml version="1.0" encoding="UTF-8"?>
<!-- Generated by org.testng.reporters.JUnitXMLReporter -->
<testsuite hostname="LAPTOP-NFPKR2Q3" ignored="2" name="Test1" tests="2" failures="0" timestamp="2022-03-25T20:57:49 IST" time="0.089" errors="0">
  <testcase name="test2" time="0.013" classname="TestDemos.TestNGGroupsDemo"/>
  <testcase name="test3" time="0.002" classname="TestDemos.TestNGGroupsDemo"/>
  <testcase name="test1" time="0.0" classname="TestDemos.TestNGGroupsDemo">
    <ignored/>
  </testcase> <!-- test1 -->
  <testcase name="test4" time="0.0" classname="TestDemos.TestNGGroupsDemo">
    <ignored/>
  </testcase> <!-- test4 -->
</testsuite> <!-- Test1 -->
